[41776:41780:0613/070205.946:WARNING:chrome_main_delegate.cc(745)] This is Chrome version 128.0.6613.138 (not a warning)
[41776:41780:0613/070208.407:WARNING:account_consistency_mode_manager.cc(77)] Desktop Identity Consistency cannot be enabled as no OAuth client ID and client secret have been configured.
[43348:44904:0613/070240.976:WARNING:frame_impl.cc(430)] virtual CefFrameImpl::SendProcessMessage sent to detached frame 5-EDD76BD3F2A086BB2997EA614C11FCA5 will be ignored
[41776:41780:0613/070242.523:ERROR:device_event_log_impl.cc(196)] [07:02:42.220] USB: usb_service_win.cc:105 SetupDiGetDeviceProperty({{A45C254E-DF1C-4EFD-8020-67D146A850E0}, 6}) failed: 요소가 없습니다. (0x490)
[41776:41780:0613/070405.281:ERROR:network_service_instance_impl.cc(608)] Network service crashed, restarting service.
[41776:41780:0613/070405.611:ERROR:network_service_instance_impl.cc(608)] Network service crashed, restarting service.
[41776:41780:0613/070405.956:ERROR:network_service_instance_impl.cc(608)] Network service crashed, restarting service.
[41776:41780:0613/070406.277:ERROR:network_service_instance_impl.cc(608)] Network service crashed, restarting service.
[41776:41780:0613/070406.612:ERROR:network_service_instance_impl.cc(608)] Network service crashed, restarting service.
[41776:41780:0613/070406.945:ERROR:network_service_instance_impl.cc(608)] Network service crashed, restarting service.
[41776:41780:0613/070407.278:ERROR:network_service_instance_impl.cc(608)] Network service crashed, restarting service.
[41776:41780:0613/070407.613:ERROR:network_service_instance_impl.cc(608)] Network service crashed, restarting service.
[41776:41780:0613/070407.945:ERROR:network_service_instance_impl.cc(608)] Network service crashed, restarting service.
[41776:41780:0613/070407.947:ERROR:gpu_process_host.cc(1007)] GPU process exited unexpectedly: exit_code=-1073741205
[41776:41780:0613/070408.279:ERROR:network_service_instance_impl.cc(608)] Network service crashed, restarting service.
[41776:41780:0613/070408.613:ERROR:network_service_instance_impl.cc(608)] Network service crashed, restarting service.
[41776:41780:0613/070408.945:ERROR:network_service_instance_impl.cc(608)] Network service crashed, restarting service.
[41776:41780:0613/070409.285:ERROR:network_service_instance_impl.cc(608)] Network service crashed, restarting service.
[41776:41780:0613/070409.613:ERROR:network_service_instance_impl.cc(608)] Network service crashed, restarting service.
[41776:41780:0613/070409.949:ERROR:network_service_instance_impl.cc(608)] Network service crashed, restarting service.
